<?xml version="1.0" encoding="UTF-8"?>
<robot generator="Robot 3.2.1 (Python 3.8.5 on win32)" generated="20200817 15:42:27.924" rpa="false">
<suite id="s1" name="Log Tester" source="C:\rock-head\test\log_tester.robot">
<test id="s1-t1" name="ทดสอบการเก็บ LOG HISTORY">
<kw name="Open Browser and get into link" library="log-keywords">
<kw name="Open Browser" library="SeleniumLibrary">
<doc>Opens a new browser instance to the optional ``url``.</doc>
<arguments>
<arg>${URL_03}</arg>
<arg>Chrome</arg>
</arguments>
<msg timestamp="20200817 15:42:28.197" level="INFO">Opening browser 'Chrome' to base url 'https://backend-rockhead.herokuapp.com/api/v1/init'.</msg>
<status status="PASS" starttime="20200817 15:42:28.197" endtime="20200817 15:42:34.468"></status>
</kw>
<kw name="Go To" library="SeleniumLibrary">
<doc>Navigates the current browser window to the provided ``url``.</doc>
<arguments>
<arg>${URL}</arg>
</arguments>
<msg timestamp="20200817 15:42:34.469" level="INFO">Opening url 'http://localhost:4200/form'</msg>
<status status="PASS" starttime="20200817 15:42:34.468" endtime="20200817 15:42:36.199"></status>
</kw>
<kw name="Maximize Browser Window" library="SeleniumLibrary">
<doc>Maximizes current browser window.</doc>
<status status="PASS" starttime="20200817 15:42:36.199" endtime="20200817 15:42:38.345"></status>
</kw>
<status status="PASS" starttime="20200817 15:42:28.197" endtime="20200817 15:42:38.345"></status>
</kw>
<kw name="Choose ADD menu for add new user" library="log-keywords">
<kw name="Wait Until Page Contains" library="SeleniumLibrary">
<doc>Waits until ``text`` appears on the current page.</doc>
<arguments>
<arg>Employee information management</arg>
</arguments>
<status status="PASS" starttime="20200817 15:42:38.346" endtime="20200817 15:42:38.381"></status>
</kw>
<kw name="Click Button" library="SeleniumLibrary">
<doc>Clicks the button identified by ``locator``.</doc>
<arguments>
<arg>id:btnAdd</arg>
</arguments>
<msg timestamp="20200817 15:42:38.382" level="INFO">Clicking button 'id:btnAdd'.</msg>
<status status="PASS" starttime="20200817 15:42:38.381" endtime="20200817 15:42:38.619"></status>
</kw>
<status status="PASS" starttime="20200817 15:42:38.345" endtime="20200817 15:42:38.619"></status>
</kw>
<kw name="Fill up the details for new user" library="log-keywords">
<arguments>
<arg>1509901589765</arg>
<arg>000759</arg>
<arg>RATTHAWAN</arg>
<arg>SERMSUWANNASAK</arg>
<arg>FRONTEND</arg>
<arg>08/13/2020</arg>
<arg>ratthawan@allianz.com</arg>
<arg>+66955419228</arg>
</arguments>
<kw name="Wait Until Page Contains" library="SeleniumLibrary">
<doc>Waits until ``text`` appears on the current page.</doc>
<arguments>
<arg>EMPLOYEE INFORMATION</arg>
</arguments>
<status status="PASS" starttime="20200817 15:42:38.620" endtime="20200817 15:42:38.659"></status>
</kw>
<kw name="Input Text" library="SeleniumLibrary">
<doc>Types the given ``text`` into the text field identified by ``locator``.</doc>
<arguments>
<arg>inputPassport</arg>
<arg>${PASSPORT}</arg>
</arguments>
<msg timestamp="20200817 15:42:38.660" level="INFO">Typing text '1509901589765' into text field 'inputPassport'.</msg>
<status status="PASS" starttime="20200817 15:42:38.660" endtime="20200817 15:42:38.943"></status>
</kw>
<kw name="Input Text" library="SeleniumLibrary">
<doc>Types the given ``text`` into the text field identified by ``locator``.</doc>
<arguments>
<arg>inputEmployeeId</arg>
<arg>${EMPLOYEE_ID}</arg>
</arguments>
<msg timestamp="20200817 15:42:38.943" level="INFO">Typing text '000759' into text field 'inputEmployeeId'.</msg>
<status status="PASS" starttime="20200817 15:42:38.943" endtime="20200817 15:42:39.221"></status>
</kw>
<kw name="Input Text" library="SeleniumLibrary">
<doc>Types the given ``text`` into the text field identified by ``locator``.</doc>
<arguments>
<arg>inputFirstname</arg>
<arg>${FIRSTNAME}</arg>
</arguments>
<msg timestamp="20200817 15:42:39.222" level="INFO">Typing text 'RATTHAWAN' into text field 'inputFirstname'.</msg>
<status status="PASS" starttime="20200817 15:42:39.222" endtime="20200817 15:42:39.510"></status>
</kw>
<kw name="Input Text" library="SeleniumLibrary">
<doc>Types the given ``text`` into the text field identified by ``locator``.</doc>
<arguments>
<arg>inputLastname</arg>
<arg>${LASTNAME}</arg>
</arguments>
<msg timestamp="20200817 15:42:39.511" level="INFO">Typing text 'SERMSUWANNASAK' into text field 'inputLastname'.</msg>
<status status="PASS" starttime="20200817 15:42:39.511" endtime="20200817 15:42:39.827"></status>
</kw>
<kw name="Input Text" library="SeleniumLibrary">
<doc>Types the given ``text`` into the text field identified by ``locator``.</doc>
<arguments>
<arg>inputPosition</arg>
<arg>${POSITION}</arg>
</arguments>
<msg timestamp="20200817 15:42:39.827" level="INFO">Typing text 'FRONTEND' into text field 'inputPosition'.</msg>
<status status="PASS" starttime="20200817 15:42:39.827" endtime="20200817 15:42:40.109"></status>
</kw>
<kw name="Input Text" library="SeleniumLibrary">
<doc>Types the given ``text`` into the text field identified by ``locator``.</doc>
<arguments>
<arg>inputStartDate</arg>
<arg>${START_DATE}</arg>
</arguments>
<msg timestamp="20200817 15:42:40.110" level="INFO">Typing text '08/13/2020' into text field 'inputStartDate'.</msg>
<status status="PASS" starttime="20200817 15:42:40.109" endtime="20200817 15:42:40.345"></status>
</kw>
<kw name="Input Text" library="SeleniumLibrary">
<doc>Types the given ``text`` into the text field identified by ``locator``.</doc>
<arguments>
<arg>inputEmail</arg>
<arg>${EMAIL}</arg>
</arguments>
<msg timestamp="20200817 15:42:40.345" level="INFO">Typing text 'ratthawan@allianz.com' into text field 'inputEmail'.</msg>
<status status="PASS" starttime="20200817 15:42:40.345" endtime="20200817 15:42:40.652"></status>
</kw>
<kw name="Input Text" library="SeleniumLibrary">
<doc>Types the given ``text`` into the text field identified by ``locator``.</doc>
<arguments>
<arg>inputPhone</arg>
<arg>${PHONE}</arg>
</arguments>
<msg timestamp="20200817 15:42:40.652" level="INFO">Typing text '+66955419228' into text field 'inputPhone'.</msg>
<status status="PASS" starttime="20200817 15:42:40.652" endtime="20200817 15:42:40.927"></status>
</kw>
<kw name="Click Button" library="SeleniumLibrary">
<doc>Clicks the button identified by ``locator``.</doc>
<arguments>
<arg>id:btnSave</arg>
</arguments>
<msg timestamp="20200817 15:42:40.928" level="INFO">Clicking button 'id:btnSave'.</msg>
<status status="PASS" starttime="20200817 15:42:40.927" endtime="20200817 15:42:41.159"></status>
</kw>
<kw name="Click Element" library="SeleniumLibrary">
<doc>Click the element identified by ``locator``.</doc>
<arguments>
<arg>xpath://html/body/div/div/div[3]/button[1]</arg>
</arguments>
<msg timestamp="20200817 15:42:41.159" level="INFO">Clicking element 'xpath://html/body/div/div/div[3]/button[1]'.</msg>
<status status="PASS" starttime="20200817 15:42:41.159" endtime="20200817 15:42:41.352"></status>
</kw>
<kw name="Click Element" library="SeleniumLibrary">
<doc>Click the element identified by ``locator``.</doc>
<arguments>
<arg>xpath://html/body/div/div/div[3]/button[1]</arg>
</arguments>
<msg timestamp="20200817 15:42:41.352" level="INFO">Clicking element 'xpath://html/body/div/div/div[3]/button[1]'.</msg>
<status status="PASS" starttime="20200817 15:42:41.352" endtime="20200817 15:42:41.510"></status>
</kw>
<kw name="Wait Until Element Contains" library="SeleniumLibrary">
<doc>Waits until the element ``locator`` contains ``text``.</doc>
<arguments>
<arg>xpath://html/body/div/div/div[3]/button[1]</arg>
<arg>OK</arg>
</arguments>
<status status="PASS" starttime="20200817 15:42:41.511" endtime="20200817 15:42:44.406"></status>
</kw>
<kw name="Click Element" library="SeleniumLibrary">
<doc>Click the element identified by ``locator``.</doc>
<arguments>
<arg>xpath://html/body/div/div/div[3]/button[1]</arg>
</arguments>
<msg timestamp="20200817 15:42:44.406" level="INFO">Clicking element 'xpath://html/body/div/div/div[3]/button[1]'.</msg>
<status status="PASS" starttime="20200817 15:42:44.406" endtime="20200817 15:42:44.511"></status>
</kw>
<kw name="Go To" library="SeleniumLibrary">
<doc>Navigates the current browser window to the provided ``url``.</doc>
<arguments>
<arg>${URL_02}</arg>
</arguments>
<msg timestamp="20200817 15:42:44.512" level="INFO">Opening url 'http://localhost:4200/log'</msg>
<status status="PASS" starttime="20200817 15:42:44.511" endtime="20200817 15:42:44.939"></status>
</kw>
<kw name="Sleep" library="BuiltIn">
<doc>Pauses the test executed for the given time.</doc>
<arguments>
<arg>3</arg>
</arguments>
<msg timestamp="20200817 15:42:47.942" level="INFO">Slept 3 seconds</msg>
<status status="PASS" starttime="20200817 15:42:44.939" endtime="20200817 15:42:47.942"></status>
</kw>
<status status="PASS" starttime="20200817 15:42:38.620" endtime="20200817 15:42:47.942"></status>
</kw>
<kw name="Close Chrome Browser" library="log-keywords" type="teardown">
<kw name="Close Browser" library="SeleniumLibrary">
<doc>Closes the current browser.</doc>
<status status="PASS" starttime="20200817 15:42:47.943" endtime="20200817 15:42:50.333"></status>
</kw>
<status status="PASS" starttime="20200817 15:42:47.943" endtime="20200817 15:42:50.333"></status>
</kw>
<status status="PASS" starttime="20200817 15:42:28.196" endtime="20200817 15:42:50.336" critical="yes"></status>
</test>
<status status="PASS" starttime="20200817 15:42:27.926" endtime="20200817 15:42:50.355"></status>
</suite>
<statistics>
<total>
<stat pass="1" fail="0">Critical Tests</stat>
<stat pass="1" fail="0">All Tests</stat>
</total>
<tag>
</tag>
<suite>
<stat pass="1" fail="0" id="s1" name="Log Tester">Log Tester</stat>
</suite>
</statistics>
<errors>
</errors>
</robot>
