<?xml version="1.0" encoding="UTF-8"?>
<robot generator="Robot 3.2.1 (Python 3.8.5 on win32)" generated="20200817 16:35:54.717" rpa="false">
<suite id="s1" name="Log Tester" source="C:\Users\hasaneeyakae\ROCKHEAD\rock-head\test\log_tester.robot">
<test id="s1-t1" name="ทดสอบการเก็บ LOG HISTORY">
<kw name="Open Browser and get into link" library="log-keywords">
<kw name="Open Browser" library="SeleniumLibrary">
<doc>Opens a new browser instance to the optional ``url``.</doc>
<arguments>
<arg>${URL_03}</arg>
<arg>Chrome</arg>
</arguments>
<msg timestamp="20200817 16:35:55.319" level="INFO">Opening browser 'Chrome' to base url 'https://backend-rockhead.herokuapp.com/api/v1/init'.</msg>
<status status="PASS" starttime="20200817 16:35:55.319" endtime="20200817 16:36:02.658"></status>
</kw>
<kw name="Go To" library="SeleniumLibrary">
<doc>Navigates the current browser window to the provided ``url``.</doc>
<arguments>
<arg>${URL}</arg>
</arguments>
<msg timestamp="20200817 16:36:02.658" level="INFO">Opening url 'http://localhost:4200/form'</msg>
<status status="PASS" starttime="20200817 16:36:02.658" endtime="20200817 16:36:05.076"></status>
</kw>
<kw name="Maximize Browser Window" library="SeleniumLibrary">
<doc>Maximizes current browser window.</doc>
<status status="PASS" starttime="20200817 16:36:05.077" endtime="20200817 16:36:07.272"></status>
</kw>
<status status="PASS" starttime="20200817 16:35:55.317" endtime="20200817 16:36:07.272"></status>
</kw>
<kw name="Choose ADD menu for add new user" library="log-keywords">
<kw name="Wait Until Page Contains" library="SeleniumLibrary">
<doc>Waits until ``text`` appears on the current page.</doc>
<arguments>
<arg>Employee information management</arg>
</arguments>
<status status="PASS" starttime="20200817 16:36:07.276" endtime="20200817 16:36:07.351"></status>
</kw>
<kw name="Click Button" library="SeleniumLibrary">
<doc>Clicks the button identified by ``locator``.</doc>
<arguments>
<arg>id:btnAdd</arg>
</arguments>
<msg timestamp="20200817 16:36:07.351" level="INFO">Clicking button 'id:btnAdd'.</msg>
<status status="PASS" starttime="20200817 16:36:07.351" endtime="20200817 16:36:07.772"></status>
</kw>
<status status="PASS" starttime="20200817 16:36:07.276" endtime="20200817 16:36:07.772"></status>
</kw>
<kw name="Fill up the details for new user" library="log-keywords">
<arguments>
<arg>1509901589765</arg>
<arg>000759</arg>
<arg>RATTHAWAN</arg>
<arg>SERMSUWANNASAK</arg>
<arg>FRONTEND</arg>
<arg>08/13/2020</arg>
<arg>ratthawan@allianz.com</arg>
<arg>+66955419228</arg>
</arguments>
<kw name="Wait Until Page Contains" library="SeleniumLibrary">
<doc>Waits until ``text`` appears on the current page.</doc>
<arguments>
<arg>EMPLOYEE INFORMATION</arg>
</arguments>
<status status="PASS" starttime="20200817 16:36:07.773" endtime="20200817 16:36:07.826"></status>
</kw>
<kw name="Input Text" library="SeleniumLibrary">
<doc>Types the given ``text`` into the text field identified by ``locator``.</doc>
<arguments>
<arg>inputPassport</arg>
<arg>${PASSPORT}</arg>
</arguments>
<msg timestamp="20200817 16:36:07.827" level="INFO">Typing text '1509901589765' into text field 'inputPassport'.</msg>
<status status="PASS" starttime="20200817 16:36:07.827" endtime="20200817 16:36:08.337"></status>
</kw>
<kw name="Input Text" library="SeleniumLibrary">
<doc>Types the given ``text`` into the text field identified by ``locator``.</doc>
<arguments>
<arg>inputEmployeeId</arg>
<arg>${EMPLOYEE_ID}</arg>
</arguments>
<msg timestamp="20200817 16:36:08.338" level="INFO">Typing text '000759' into text field 'inputEmployeeId'.</msg>
<status status="PASS" starttime="20200817 16:36:08.337" endtime="20200817 16:36:08.718"></status>
</kw>
<kw name="Input Text" library="SeleniumLibrary">
<doc>Types the given ``text`` into the text field identified by ``locator``.</doc>
<arguments>
<arg>inputFirstname</arg>
<arg>${FIRSTNAME}</arg>
</arguments>
<msg timestamp="20200817 16:36:08.719" level="INFO">Typing text 'RATTHAWAN' into text field 'inputFirstname'.</msg>
<status status="PASS" starttime="20200817 16:36:08.718" endtime="20200817 16:36:09.140"></status>
</kw>
<kw name="Input Text" library="SeleniumLibrary">
<doc>Types the given ``text`` into the text field identified by ``locator``.</doc>
<arguments>
<arg>inputLastname</arg>
<arg>${LASTNAME}</arg>
</arguments>
<msg timestamp="20200817 16:36:09.140" level="INFO">Typing text 'SERMSUWANNASAK' into text field 'inputLastname'.</msg>
<status status="PASS" starttime="20200817 16:36:09.140" endtime="20200817 16:36:09.579"></status>
</kw>
<kw name="Input Text" library="SeleniumLibrary">
<doc>Types the given ``text`` into the text field identified by ``locator``.</doc>
<arguments>
<arg>inputPosition</arg>
<arg>${POSITION}</arg>
</arguments>
<msg timestamp="20200817 16:36:09.579" level="INFO">Typing text 'FRONTEND' into text field 'inputPosition'.</msg>
<status status="PASS" starttime="20200817 16:36:09.579" endtime="20200817 16:36:09.958"></status>
</kw>
<kw name="Input Text" library="SeleniumLibrary">
<doc>Types the given ``text`` into the text field identified by ``locator``.</doc>
<arguments>
<arg>inputStartDate</arg>
<arg>${START_DATE}</arg>
</arguments>
<msg timestamp="20200817 16:36:09.960" level="INFO">Typing text '08/13/2020' into text field 'inputStartDate'.</msg>
<status status="PASS" starttime="20200817 16:36:09.959" endtime="20200817 16:36:10.282"></status>
</kw>
<kw name="Input Text" library="SeleniumLibrary">
<doc>Types the given ``text`` into the text field identified by ``locator``.</doc>
<arguments>
<arg>inputEmail</arg>
<arg>${EMAIL}</arg>
</arguments>
<msg timestamp="20200817 16:36:10.284" level="INFO">Typing text 'ratthawan@allianz.com' into text field 'inputEmail'.</msg>
<status status="PASS" starttime="20200817 16:36:10.282" endtime="20200817 16:36:10.703"></status>
</kw>
<kw name="Input Text" library="SeleniumLibrary">
<doc>Types the given ``text`` into the text field identified by ``locator``.</doc>
<arguments>
<arg>inputPhone</arg>
<arg>${PHONE}</arg>
</arguments>
<msg timestamp="20200817 16:36:10.703" level="INFO">Typing text '+66955419228' into text field 'inputPhone'.</msg>
<status status="PASS" starttime="20200817 16:36:10.703" endtime="20200817 16:36:11.100"></status>
</kw>
<kw name="Click Button" library="SeleniumLibrary">
<doc>Clicks the button identified by ``locator``.</doc>
<arguments>
<arg>id:btnSave</arg>
</arguments>
<msg timestamp="20200817 16:36:11.100" level="INFO">Clicking button 'id:btnSave'.</msg>
<status status="PASS" starttime="20200817 16:36:11.100" endtime="20200817 16:36:11.415"></status>
</kw>
<kw name="Click Element" library="SeleniumLibrary">
<doc>Click the element identified by ``locator``.</doc>
<arguments>
<arg>xpath://html/body/div/div/div[3]/button[1]</arg>
</arguments>
<msg timestamp="20200817 16:36:11.415" level="INFO">Clicking element 'xpath://html/body/div/div/div[3]/button[1]'.</msg>
<status status="PASS" starttime="20200817 16:36:11.415" endtime="20200817 16:36:11.652"></status>
</kw>
<kw name="Click Element" library="SeleniumLibrary">
<doc>Click the element identified by ``locator``.</doc>
<arguments>
<arg>xpath://html/body/div/div/div[3]/button[1]</arg>
</arguments>
<msg timestamp="20200817 16:36:11.653" level="INFO">Clicking element 'xpath://html/body/div/div/div[3]/button[1]'.</msg>
<status status="PASS" starttime="20200817 16:36:11.652" endtime="20200817 16:36:11.813"></status>
</kw>
<kw name="Wait Until Element Contains" library="SeleniumLibrary">
<doc>Waits until the element ``locator`` contains ``text``.</doc>
<arguments>
<arg>xpath://html/body/div/div/div[3]/button[1]</arg>
<arg>OK</arg>
</arguments>
<status status="PASS" starttime="20200817 16:36:11.813" endtime="20200817 16:36:15.397"></status>
</kw>
<kw name="Click Element" library="SeleniumLibrary">
<doc>Click the element identified by ``locator``.</doc>
<arguments>
<arg>xpath://html/body/div/div/div[3]/button[1]</arg>
</arguments>
<msg timestamp="20200817 16:36:15.397" level="INFO">Clicking element 'xpath://html/body/div/div/div[3]/button[1]'.</msg>
<status status="PASS" starttime="20200817 16:36:15.397" endtime="20200817 16:36:15.561"></status>
</kw>
<kw name="Go To" library="SeleniumLibrary">
<doc>Navigates the current browser window to the provided ``url``.</doc>
<arguments>
<arg>${URL_02}</arg>
</arguments>
<msg timestamp="20200817 16:36:15.561" level="INFO">Opening url 'http://localhost:4200/log'</msg>
<status status="PASS" starttime="20200817 16:36:15.561" endtime="20200817 16:36:16.496"></status>
</kw>
<kw name="Sleep" library="BuiltIn">
<doc>Pauses the test executed for the given time.</doc>
<arguments>
<arg>3</arg>
</arguments>
<msg timestamp="20200817 16:36:19.500" level="INFO">Slept 3 seconds</msg>
<status status="PASS" starttime="20200817 16:36:16.497" endtime="20200817 16:36:19.501"></status>
</kw>
<status status="PASS" starttime="20200817 16:36:07.773" endtime="20200817 16:36:19.501"></status>
</kw>
<kw name="Check the details of new user" library="log-keywords">
<arguments>
<arg>1</arg>
<arg>Modify employee in firstname from Hasaneeya to Neeya.</arg>
<arg>By</arg>
<arg>2020-08-14</arg>
</arguments>
<kw name="Wait Until Page Contains" library="SeleniumLibrary">
<doc>Waits until ``text`` appears on the current page.</doc>
<arguments>
<arg>Log</arg>
</arguments>
<status status="PASS" starttime="20200817 16:36:19.502" endtime="20200817 16:36:19.567"></status>
</kw>
<kw name="Table Should Contains">
<arguments>
<arg>Log ID</arg>
<arg>${LOG_ID}</arg>
</arguments>
<msg timestamp="20200817 16:36:19.573" level="FAIL">No keyword with name 'Table Should Contains' found. Did you mean:
    SeleniumLibrary.Table Should Contain
    SeleniumLibrary.Table Row Should Contain
    SeleniumLibrary.Table Cell Should Contain</msg>
<status status="FAIL" starttime="20200817 16:36:19.573" endtime="20200817 16:36:19.573"></status>
</kw>
<status status="FAIL" starttime="20200817 16:36:19.502" endtime="20200817 16:36:19.577"></status>
</kw>
<kw name="Close Chrome Browser" library="log-keywords" type="teardown">
<kw name="Close Browser" library="SeleniumLibrary">
<doc>Closes the current browser.</doc>
<status status="PASS" starttime="20200817 16:36:19.577" endtime="20200817 16:36:22.057"></status>
</kw>
<status status="PASS" starttime="20200817 16:36:19.577" endtime="20200817 16:36:22.058"></status>
</kw>
<status status="FAIL" starttime="20200817 16:35:55.316" endtime="20200817 16:36:22.060" critical="yes">No keyword with name 'Table Should Contains' found. Did you mean:
    SeleniumLibrary.Table Should Contain
    SeleniumLibrary.Table Row Should Contain
    SeleniumLibrary.Table Cell Should Contain</status>
</test>
<status status="FAIL" starttime="20200817 16:35:54.723" endtime="20200817 16:36:22.077"></status>
</suite>
<statistics>
<total>
<stat pass="0" fail="1">Critical Tests</stat>
<stat pass="0" fail="1">All Tests</stat>
</total>
<tag>
</tag>
<suite>
<stat pass="0" fail="1" id="s1" name="Log Tester">Log Tester</stat>
</suite>
</statistics>
<errors>
</errors>
</robot>
